<?xml version="1.0" encoding="UTF-8"?>
<testsuite name="Cenário: Cadastro de produto com a data de validade anterior a presente data" tests="4" skipped="2" failures="0" errors="0" timestamp="2017-04-15T07:32:39" hostname="lawcarvalh-PC" time="0.003">
  <properties/>
  <testcase name="Dado que estou na tela de cadastro de novo produto" classname="Cenário: Cadastro de produto com a data de validade anterior a presente data" time="0.0"/>
  <testcase name="Quando eu submeter o formulário com a data de validade anterior a presente data" classname="Cenário: Cadastro de produto com a data de validade anterior a presente data" time="0.0">
    <skipped/>
  </testcase>
  <testcase name="Então o produto não deverá ser cadastrado" classname="Cenário: Cadastro de produto com a data de validade anterior a presente data" time="0.0">
    <skipped/>
  </testcase>
  <testcase name="classMethod" classname="Cenário: Cadastro de produto com a data de validade anterior a presente data" time="0.004"/>
  <system-out><![CDATA[]]></system-out>
  <system-err><![CDATA[]]></system-err>
</testsuite>
