<?xml version="1.0" encoding="UTF-8"?>
<testsuite name="Cenário: Cadastro de produto com o campo Preço preenchido no formato inválido" tests="4" skipped="2" failures="0" errors="0" timestamp="2017-04-15T07:32:39" hostname="lawcarvalh-PC" time="0.0">
  <properties/>
  <testcase name="Dado que estou na tela de cadastro de novo produto" classname="Cenário: Cadastro de produto com o campo Preço preenchido no formato inválido" time="0.0"/>
  <testcase name="Quando eu submeter o formulário com o campo Preço preenchido com um valor diferente do formato de moeda" classname="Cenário: Cadastro de produto com o campo Preço preenchido no formato inválido" time="0.0">
    <skipped/>
  </testcase>
  <testcase name="Então o valor deverá ser ajustado para o formato correto" classname="Cenário: Cadastro de produto com o campo Preço preenchido no formato inválido" time="0.0">
    <skipped/>
  </testcase>
  <testcase name="classMethod" classname="Cenário: Cadastro de produto com o campo Preço preenchido no formato inválido" time="0.001"/>
  <system-out><![CDATA[]]></system-out>
  <system-err><![CDATA[]]></system-err>
</testsuite>
